# JRE version: OpenJDK Runtime Environment (8.0_112-b06) (build 1.8.0_112-release-b06)
# Java VM: OpenJDK 64-Bit Server VM (25.112-b06 mixed mode linux-amd64 compressed oops)
Heap:
 PSYoungGen      total 348672K, used 0K [0x00000000e0000000, 0x0000000100000000, 0x0000000100000000)
  eden space 216064K, 0% used [0x00000000e0000000,0x00000000e0000000,0x00000000ed300000)
  from space 132608K, 0% used [0x00000000f7e80000,0x00000000f7e80000,0x0000000100000000)
  to   space 154112K, 0% used [0x00000000ed300000,0x00000000ed300000,0x00000000f6980000)
 ParOldGen       total 745984K, used 714977K [0x00000000a0000000, 0x00000000cd880000, 0x00000000e0000000)
  object space 745984K, 95% used [0x00000000a0000000,0x00000000cba384a8,0x00000000cd880000)
 Metaspace       used 94736K, capacity 99184K, committed 100352K, reserved 1136640K
  class space    used 11782K, capacity 12541K, committed 12800K, reserved 1048576K
GC Heap History (10 events):
Event: 1613.570 GC heap after
Heap after GC invocations=30 (full 6):
 PSYoungGen      total 397312K, used 0K [0x00000000e0000000, 0x0000000100000000, 0x0000000100000000)
  eden space 270336K, 0% used [0x00000000e0000000,0x00000000e0000000,0x00000000f0800000)
  from space 126976K, 0% used [0x00000000f8400000,0x00000000f8400000,0x0000000100000000)
  to   space 126976K, 0% used [0x00000000f0800000,0x00000000f0800000,0x00000000f8400000)
 ParOldGen       total 745984K, used 481051K [0x00000000a0000000, 0x00000000cd880000, 0x00000000e0000000)
  object space 745984K, 64% used [0x00000000a0000000,0x00000000bd5c6e28,0x00000000cd880000)
 Metaspace       used 89362K, capacity 93426K, committed 95616K, reserved 1132544K
  class space    used 11154K, capacity 11854K, committed 12416K, reserved 1048576K
}
Event: 1658.280 GC heap before
{Heap before GC invocations=31 (full 6):
 PSYoungGen      total 397312K, used 270336K [0x00000000e0000000, 0x0000000100000000, 0x0000000100000000)
  eden space 270336K, 100% used [0x00000000e0000000,0x00000000f0800000,0x00000000f0800000)
  from space 126976K, 0% used [0x00000000f8400000,0x00000000f8400000,0x0000000100000000)
  to   space 126976K, 0% used [0x00000000f0800000,0x00000000f0800000,0x00000000f8400000)
 ParOldGen       total 745984K, used 481051K [0x00000000a0000000, 0x00000000cd880000, 0x00000000e0000000)
  object space 745984K, 64% used [0x00000000a0000000,0x00000000bd5c6e28,0x00000000cd880000)
 Metaspace       used 89600K, capacity 93672K, committed 95616K, reserved 1132544K
  class space    used 11165K, capacity 11867K, committed 12416K, reserved 1048576K
Event: 1658.311 GC heap after
Heap after GC invocations=31 (full 6):
 PSYoungGen      total 303616K, used 32863K [0x00000000e0000000, 0x00000000ff500000, 0x0000000100000000)
  eden space 270336K, 0% used [0x00000000e0000000,0x00000000e0000000,0x00000000f0800000)
  from space 33280K, 98% used [0x00000000f0800000,0x00000000f2817d38,0x00000000f2880000)
  to   space 121344K, 0% used [0x00000000f7e80000,0x00000000f7e80000,0x00000000ff500000)
 ParOldGen       total 745984K, used 481059K [0x00000000a0000000, 0x00000000cd880000, 0x00000000e0000000)
  object space 745984K, 64% used [0x00000000a0000000,0x00000000bd5c8e28,0x00000000cd880000)
 Metaspace       used 89600K, capacity 93672K, committed 95616K, reserved 1132544K
  class space    used 11165K, capacity 11867K, committed 12416K, reserved 1048576K
}
Event: 1824.018 GC heap before
{Heap before GC invocations=32 (full 6):
 PSYoungGen      total 303616K, used 303199K [0x00000000e0000000, 0x00000000ff500000, 0x0000000100000000)
  eden space 270336K, 100% used [0x00000000e0000000,0x00000000f0800000,0x00000000f0800000)
  from space 33280K, 98% used [0x00000000f0800000,0x00000000f2817d38,0x00000000f2880000)
  to   space 121344K, 0% used [0x00000000f7e80000,0x00000000f7e80000,0x00000000ff500000)
 ParOldGen       total 745984K, used 481059K [0x00000000a0000000, 0x00000000cd880000, 0x00000000e0000000)
  object space 745984K, 64% used [0x00000000a0000000,0x00000000bd5c8e28,0x00000000cd880000)
 Metaspace       used 91334K, capacity 95730K, committed 97152K, reserved 1134592K
  class space    used 11377K, capacity 12102K, committed 12416K, reserved 1048576K
Event: 1824.106 GC heap after
Heap after GC invocations=32 (full 6):
 PSYoungGen      total 389632K, used 70455K [0x00000000e0000000, 0x0000000100000000, 0x0000000100000000)
  eden space 268288K, 0% used [0x00000000e0000000,0x00000000e0000000,0x00000000f0600000)
  from space 121344K, 58% used [0x00000000f7e80000,0x00000000fc34dec8,0x00000000ff500000)
  to   space 123392K, 0% used [0x00000000f0600000,0x00000000f0600000,0x00000000f7e80000)
 ParOldGen       total 745984K, used 508969K [0x00000000a0000000, 0x00000000cd880000, 0x00000000e0000000)
  object space 745984K, 68% used [0x00000000a0000000,0x00000000bf10a780,0x00000000cd880000)
 Metaspace       used 91334K, capacity 95730K, committed 97152K, reserved 1134592K
  class space    used 11377K, capacity 12102K, committed 12416K, reserved 1048576K
}
Event: 1825.826 GC heap before
{Heap before GC invocations=33 (full 6):
 PSYoungGen      total 389632K, used 338743K [0x00000000e0000000, 0x0000000100000000, 0x0000000100000000)
  eden space 268288K, 100% used [0x00000000e0000000,0x00000000f0600000,0x00000000f0600000)
  from space 121344K, 58% used [0x00000000f7e80000,0x00000000fc34dec8,0x00000000ff500000)
  to   space 123392K, 0% used [0x00000000f0600000,0x00000000f0600000,0x00000000f7e80000)
 ParOldGen       total 745984K, used 508969K [0x00000000a0000000, 0x00000000cd880000, 0x00000000e0000000)
  object space 745984K, 68% used [0x00000000a0000000,0x00000000bf10a780,0x00000000cd880000)
 Metaspace       used 93052K, capacity 97438K, committed 98688K, reserved 1134592K
  class space    used 11574K, capacity 12316K, committed 12672K, reserved 1048576K
Event: 1825.926 GC heap after
Heap after GC invocations=33 (full 6):
 PSYoungGen      total 391680K, used 123373K [0x00000000e0000000, 0x0000000100000000, 0x0000000100000000)
  eden space 268288K, 0% used [0x00000000e0000000,0x00000000e0000000,0x00000000f0600000)
  from space 123392K, 99% used [0x00000000f0600000,0x00000000f7e7b590,0x00000000f7e80000)
  to   space 132608K, 0% used [0x00000000f7e80000,0x00000000f7e80000,0x0000000100000000)
 ParOldGen       total 745984K, used 548606K [0x00000000a0000000, 0x00000000cd880000, 0x00000000e0000000)
  object space 745984K, 73% used [0x00000000a0000000,0x00000000c17bfa88,0x00000000cd880000)
 Metaspace       used 93052K, capacity 97438K, committed 98688K, reserved 1134592K
  class space    used 11574K, capacity 12316K, committed 12672K, reserved 1048576K
}
Event: 1916.727 GC heap before
{Heap before GC invocations=34 (full 6):
 PSYoungGen      total 391680K, used 391661K [0x00000000e0000000, 0x0000000100000000, 0x0000000100000000)
  eden space 268288K, 100% used [0x00000000e0000000,0x00000000f0600000,0x00000000f0600000)
  from space 123392K, 99% used [0x00000000f0600000,0x00000000f7e7b590,0x00000000f7e80000)
  to   space 132608K, 0% used [0x00000000f7e80000,0x00000000f7e80000,0x0000000100000000)
 ParOldGen       total 745984K, used 548606K [0x00000000a0000000, 0x00000000cd880000, 0x00000000e0000000)
  object space 745984K, 73% used [0x00000000a0000000,0x00000000c17bfa88,0x00000000cd880000)
 Metaspace       used 94736K, capacity 99184K, committed 100352K, reserved 1136640K
  class space    used 11782K, capacity 12541K, committed 12800K, reserved 1048576K
Event: 1916.939 GC heap after
Heap after GC invocations=34 (full 6):
 PSYoungGen      total 348672K, used 74107K [0x00000000e0000000, 0x0000000100000000, 0x0000000100000000)
  eden space 216064K, 0% used [0x00000000e0000000,0x00000000e0000000,0x00000000ed300000)
  from space 132608K, 55% used [0x00000000f7e80000,0x00000000fc6dedd0,0x0000000100000000)
  to   space 154112K, 0% used [0x00000000ed300000,0x00000000ed300000,0x00000000f6980000)
 ParOldGen       total 745984K, used 655641K [0x00000000a0000000, 0x00000000cd880000, 0x00000000e0000000)
  object space 745984K, 87% used [0x00000000a0000000,0x00000000c8046688,0x00000000cd880000)
 Metaspace       used 94736K, capacity 99184K, committed 100352K, reserved 1136640K
  class space    used 11782K, capacity 12541K, committed 12800K, reserved 1048576K
}
Event: 1916.939 GC heap before
{Heap before GC invocations=35 (full 7):
 PSYoungGen      total 348672K, used 74107K [0x00000000e0000000, 0x0000000100000000, 0x0000000100000000)
  eden space 216064K, 0% used [0x00000000e0000000,0x00000000e0000000,0x00000000ed300000)
  from space 132608K, 55% used [0x00000000f7e80000,0x00000000fc6dedd0,0x0000000100000000)
  to   space 154112K, 0% used [0x00000000ed300000,0x00000000ed300000,0x00000000f6980000)
 ParOldGen       total 745984K, used 655641K [0x00000000a0000000, 0x00000000cd880000, 0x00000000e0000000)
  object space 745984K, 87% used [0x00000000a0000000,0x00000000c8046688,0x00000000cd880000)
 Metaspace       used 94736K, capacity 99184K, committed 100352K, reserved 1136640K
  class space    used 11782K, capacity 12541K, committed 12800K, reserved 1048576K

